# JRE version: OpenJDK Runtime Environment (11.0.6+10) (build 11.0.6+10-post-Ubuntu-1ubuntu118.04.1)
# Java VM: OpenJDK 64-Bit Server VM (11.0.6+10-post-Ubuntu-1ubuntu118.04.1, mixed mode, sharing, tiered, compressed oops, g1 gc, linux-amd64)
Heap:
 garbage-first heap   total 78848K, used 47923K [0x0000000707800000, 0x0000000800000000)
  region size 1024K, 2 young (2048K), 1 survivors (1024K)
 Metaspace       used 36645K, capacity 37235K, committed 39088K, reserved 1083392K
  class space    used 4816K, capacity 5053K, committed 5632K, reserved 1048576K
GC Heap History (20 events):
Event: 1210.112 GC heap before
{Heap before GC invocations=6 (full 1):
 garbage-first heap   total 86016K, used 23567K [0x0000000707800000, 0x0000000800000000)
  region size 1024K, 3 young (3072K), 0 survivors (0K)
 Metaspace       used 33089K, capacity 34167K, committed 34480K, reserved 1079296K
  class space    used 4594K, capacity 5094K, committed 5120K, reserved 1048576K
}
Event: 1210.140 GC heap after
{Heap after GC invocations=7 (full 2):
 garbage-first heap   total 78848K, used 20651K [0x0000000707800000, 0x0000000800000000)
  region size 1024K, 0 young (0K), 0 survivors (0K)
 Metaspace       used 33089K, capacity 34167K, committed 34480K, reserved 1079296K
  class space    used 4594K, capacity 5094K, committed 5120K, reserved 1048576K
}
Event: 1215.375 GC heap before
{Heap before GC invocations=7 (full 2):
 garbage-first heap   total 78848K, used 22699K [0x0000000707800000, 0x0000000800000000)
  region size 1024K, 3 young (3072K), 0 survivors (0K)
 Metaspace       used 33131K, capacity 34173K, committed 34480K, reserved 1079296K
  class space    used 4595K, capacity 5095K, committed 5120K, reserved 1048576K
}
Event: 1215.406 GC heap after
{Heap after GC invocations=8 (full 3):
 garbage-first heap   total 78848K, used 20680K [0x0000000707800000, 0x0000000800000000)
  region size 1024K, 0 young (0K), 0 survivors (0K)
 Metaspace       used 33131K, capacity 34173K, committed 34480K, reserved 1079296K
  class space    used 4595K, capacity 5095K, committed 5120K, reserved 1048576K
}
Event: 1287.125 GC heap before
{Heap before GC invocations=8 (full 3):
 garbage-first heap   total 78848K, used 41160K [0x0000000707800000, 0x0000000800000000)
  region size 1024K, 21 young (21504K), 0 survivors (0K)
 Metaspace       used 33801K, capacity 34978K, committed 35120K, reserved 1079296K
  class space    used 4638K, capacity 5133K, committed 5248K, reserved 1048576K
}
Event: 1287.171 GC heap after
{Heap after GC invocations=9 (full 4):
 garbage-first heap   total 78848K, used 22494K [0x0000000707800000, 0x0000000800000000)
  region size 1024K, 0 young (0K), 0 survivors (0K)
 Metaspace       used 33801K, capacity 34978K, committed 35120K, reserved 1079296K
  class space    used 4638K, capacity 5133K, committed 5248K, reserved 1048576K
}
Event: 1293.441 GC heap before
{Heap before GC invocations=9 (full 4):
 garbage-first heap   total 78848K, used 41950K [0x0000000707800000, 0x0000000800000000)
  region size 1024K, 21 young (21504K), 0 survivors (0K)
 Metaspace       used 37204K, capacity 38325K, committed 38576K, reserved 1083392K
  class space    used 5061K, capacity 5539K, committed 5632K, reserved 1048576K
}
Event: 1293.484 GC heap after
{Heap after GC invocations=10 (full 5):
 garbage-first heap   total 78848K, used 23810K [0x0000000707800000, 0x0000000800000000)
  region size 1024K, 0 young (0K), 0 survivors (0K)
 Metaspace       used 37204K, capacity 38325K, committed 38576K, reserved 1083392K
  class space    used 5061K, capacity 5539K, committed 5632K, reserved 1048576K
}
Event: 1304.907 GC heap before
{Heap before GC invocations=10 (full 5):
 garbage-first heap   total 78848K, used 33026K [0x0000000707800000, 0x0000000800000000)
  region size 1024K, 10 young (10240K), 0 survivors (0K)
 Metaspace       used 37368K, capacity 38460K, committed 38832K, reserved 1083392K
  class space    used 5068K, capacity 5541K, committed 5632K, reserved 1048576K
}
Event: 1304.959 GC heap after
{Heap after GC invocations=11 (full 6):
 garbage-first heap   total 78848K, used 24098K [0x0000000707800000, 0x0000000800000000)
  region size 1024K, 0 young (0K), 0 survivors (0K)
 Metaspace       used 37368K, capacity 38460K, committed 38832K, reserved 1083392K
  class space    used 5068K, capacity 5541K, committed 5632K, reserved 1048576K
}
Event: 5663.982 GC heap before
{Heap before GC invocations=11 (full 6):
 garbage-first heap   total 78848K, used 35362K [0x0000000707800000, 0x0000000800000000)
  region size 1024K, 7 young (7168K), 0 survivors (0K)
 Metaspace       used 37587K, capacity 38751K, committed 39088K, reserved 1083392K
  class space    used 5080K, capacity 5574K, committed 5632K, reserved 1048576K
}
Event: 5663.987 GC heap after
{Heap after GC invocations=12 (full 6):
 garbage-first heap   total 78848K, used 30242K [0x0000000707800000, 0x0000000800000000)
  region size 1024K, 1 young (1024K), 1 survivors (1024K)
 Metaspace       used 37587K, capacity 38751K, committed 39088K, reserved 1083392K
  class space    used 5080K, capacity 5574K, committed 5632K, reserved 1048576K
}
Event: 5712.869 GC heap before
{Heap before GC invocations=13 (full 6):
 garbage-first heap   total 78848K, used 36386K [0x0000000707800000, 0x0000000800000000)
  region size 1024K, 3 young (3072K), 1 survivors (1024K)
 Metaspace       used 36555K, capacity 37107K, committed 39088K, reserved 1083392K
  class space    used 4814K, capacity 5053K, committed 5632K, reserved 1048576K
}
Event: 5712.877 GC heap after
{Heap after GC invocations=14 (full 6):
 garbage-first heap   total 78848K, used 34687K [0x0000000707800000, 0x0000000800000000)
  region size 1024K, 1 young (1024K), 1 survivors (1024K)
 Metaspace       used 36555K, capacity 37107K, committed 39088K, reserved 1083392K
  class space    used 4814K, capacity 5053K, committed 5632K, reserved 1048576K
}
Event: 5859.797 GC heap before
{Heap before GC invocations=15 (full 6):
 garbage-first heap   total 78848K, used 49023K [0x0000000707800000, 0x0000000800000000)
  region size 1024K, 3 young (3072K), 1 survivors (1024K)
 Metaspace       used 36579K, capacity 37171K, committed 39088K, reserved 1083392K
  class space    used 4814K, capacity 5053K, committed 5632K, reserved 1048576K
}
Event: 5859.800 GC heap after
{Heap after GC invocations=16 (full 6):
 garbage-first heap   total 78848K, used 37711K [0x0000000707800000, 0x0000000800000000)
  region size 1024K, 1 young (1024K), 1 survivors (1024K)
 Metaspace       used 36579K, capacity 37171K, committed 39088K, reserved 1083392K
  class space    used 4814K, capacity 5053K, committed 5632K, reserved 1048576K
}
Event: 10492.344 GC heap before
{Heap before GC invocations=17 (full 6):
 garbage-first heap   total 78848K, used 42831K [0x0000000707800000, 0x0000000800000000)
  region size 1024K, 3 young (3072K), 1 survivors (1024K)
 Metaspace       used 36603K, capacity 37171K, committed 39088K, reserved 1083392K
  class space    used 4814K, capacity 5053K, committed 5632K, reserved 1048576K
}
Event: 10492.354 GC heap after
{Heap after GC invocations=18 (full 6):
 garbage-first heap   total 78848K, used 33594K [0x0000000707800000, 0x0000000800000000)
  region size 1024K, 1 young (1024K), 1 survivors (1024K)
 Metaspace       used 36603K, capacity 37171K, committed 39088K, reserved 1083392K
  class space    used 4814K, capacity 5053K, committed 5632K, reserved 1048576K
}
Event: 10502.968 GC heap before
{Heap before GC invocations=19 (full 6):
 garbage-first heap   total 78848K, used 37690K [0x0000000707800000, 0x0000000800000000)
  region size 1024K, 2 young (2048K), 1 survivors (1024K)
 Metaspace       used 36616K, capacity 37171K, committed 39088K, reserved 1083392K
  class space    used 4814K, capacity 5053K, committed 5632K, reserved 1048576K
}
Event: 10502.970 GC heap after
{Heap after GC invocations=20 (full 6):
 garbage-first heap   total 78848K, used 37683K [0x0000000707800000, 0x0000000800000000)
  region size 1024K, 1 young (1024K), 1 survivors (1024K)
 Metaspace       used 36616K, capacity 37171K, committed 39088K, reserved 1083392K
  class space    used 4814K, capacity 5053K, committed 5632K, reserved 1048576K
}

